0 info it worked if it ends with ok
1 verbose cli [ '/usr/bin/node',
1 verbose cli   '/usr/bin/npm',
1 verbose cli   'install',
1 verbose cli   'grunt-contrib-jshind' ]
2 info using npm@1.4.28
3 info using node@v0.10.37
4 verbose node symlink /usr/bin/node
5 verbose readDependencies using package.json deps
6 verbose cache add [ 'grunt-contrib-jshind', null ]
7 verbose cache add name=undefined spec="grunt-contrib-jshind" args=["grunt-contrib-jshind",null]
8 verbose parsed url { protocol: null,
8 verbose parsed url   slashes: null,
8 verbose parsed url   auth: null,
8 verbose parsed url   host: null,
8 verbose parsed url   port: null,
8 verbose parsed url   hostname: null,
8 verbose parsed url   hash: null,
8 verbose parsed url   search: null,
8 verbose parsed url   query: null,
8 verbose parsed url   pathname: 'grunt-contrib-jshind',
8 verbose parsed url   path: 'grunt-contrib-jshind',
8 verbose parsed url   href: 'grunt-contrib-jshind' }
9 silly lockFile ad022eb3-grunt-contrib-jshind grunt-contrib-jshind
10 verbose lock grunt-contrib-jshind /root/.npm/ad022eb3-grunt-contrib-jshind.lock
11 silly lockFile ad022eb3-grunt-contrib-jshind grunt-contrib-jshind
12 silly lockFile ad022eb3-grunt-contrib-jshind grunt-contrib-jshind
13 verbose addNamed [ 'grunt-contrib-jshind', '' ]
14 verbose addNamed [ null, '*' ]
15 silly lockFile 1ece1ee2-grunt-contrib-jshind grunt-contrib-jshind@
16 verbose lock grunt-contrib-jshind@ /root/.npm/1ece1ee2-grunt-contrib-jshind.lock
17 silly addNameRange { name: 'grunt-contrib-jshind', range: '*', hasData: false }
18 verbose request where is /grunt-contrib-jshind
19 verbose request registry https://registry.npmjs.org/
20 verbose request id d87257ec36c28cb9
21 verbose url raw /grunt-contrib-jshind
22 verbose url resolving [ 'https://registry.npmjs.org/', './grunt-contrib-jshind' ]
23 verbose url resolved https://registry.npmjs.org/grunt-contrib-jshind
24 verbose request where is https://registry.npmjs.org/grunt-contrib-jshind
25 info trying registry request attempt 1 at 22:28:03
26 http GET https://registry.npmjs.org/grunt-contrib-jshind
27 http 404 https://registry.npmjs.org/grunt-contrib-jshind
28 silly registry.get cb [ 404,
28 silly registry.get   { 'content-type': 'application/json',
28 silly registry.get     'cache-control': 'max-age=0',
28 silly registry.get     'content-length': '2',
28 silly registry.get     'accept-ranges': 'bytes',
28 silly registry.get     date: 'Fri, 18 Sep 2015 16:49:28 GMT',
28 silly registry.get     via: '1.1 varnish',
28 silly registry.get     age: '0',
28 silly registry.get     connection: 'keep-alive',
28 silly registry.get     'x-served-by': 'cache-jfk1023-JFK',
28 silly registry.get     'x-cache': 'MISS',
28 silly registry.get     'x-cache-hits': '0',
28 silly registry.get     'x-timer': 'S1442594968.237451,VS0,VE23' } ]
29 silly lockFile 1ece1ee2-grunt-contrib-jshind grunt-contrib-jshind@
30 silly lockFile 1ece1ee2-grunt-contrib-jshind grunt-contrib-jshind@
31 error 404 Not Found
31 error 404
31 error 404 'grunt-contrib-jshind' is not in the npm registry.
31 error 404 You should bug the author to publish it
31 error 404 It was specified as a dependency of 'cirec'
31 error 404
31 error 404 Note that you can also install from a
31 error 404 tarball, folder, or http url, or git url.
32 error System Linux 3.19.0-25-generic
33 error command "/usr/bin/node" "/usr/bin/npm" "install" "grunt-contrib-jshind"
34 error cwd /var/www/html/cirec/sites/all/themes/cirec
35 error node -v v0.10.37
36 error npm -v 1.4.28
37 error code E404
38 verbose exit [ 1, true ]
